<?xml version="1.0" encoding="UTF-8"?>
<!-- Generated by org.testng.reporters.JUnitReportReporter -->
<testsuite hostname="AbhiSelva" failures="0" tests="2" name="Academy.ValidateTitleNavigation" time="0.382" errors="0" timestamp="2022-04-15T15:31:00 IST" skipped="0">
  <testcase classname="Academy.ValidateTitleNavigation" name="basePageHeader" time="0.020"/>
  <system-out/>
  <testcase classname="Academy.ValidateTitleNavigation" name="featuredCourses" time="0.362"/>
  <system-out/>
</testsuite> <!-- Academy.ValidateTitleNavigation -->
