<?xml version="1.0" encoding="UTF-8"?>
<!-- Generated by org.testng.reporters.JUnitReportReporter -->
<testsuite hostname="AbhiSelva" failures="0" tests="2" name="HomePage" time="46.824" errors="0" timestamp="2022-04-09T21:44:32 IST" skipped="0">
  <testcase classname="HomePage" name="basePageNavigation" time="27.190"/>
  <system-out/>
  <testcase classname="HomePage" name="basePageNavigation" time="19.634"/>
  <system-out/>
</testsuite> <!-- HomePage -->
