<?xml version="1.0" encoding="UTF-8"?>
<!-- Generated by org.testng.reporters.JUnitReportReporter -->
<testsuite hostname="AbhiSelva" failures="0" tests="2" name="samplemavenproject.mavenjava.RestAPITest" time="0.001" errors="0" timestamp="2022-03-31T06:48:08 IST" skipped="0">
  <testcase classname="samplemavenproject.mavenjava.RestAPITest" name="apielementUI" time="0.000"/>
  <system-out/>
  <testcase classname="samplemavenproject.mavenjava.RestAPITest" name="restapiautomation" time="0.001"/>
  <system-out/>
</testsuite> <!-- samplemavenproject.mavenjava.RestAPITest -->
