<?xml version="1.0" encoding="UTF-8"?>
<!-- Generated by org.testng.reporters.JUnitReportReporter -->
<testsuite hostname="AbhiSelva" failures="0" tests="2" name="samplemavenproject.mavenjava.SeleniumTest" time="0.004" errors="0" timestamp="2022-03-31T06:48:08 IST" skipped="0">
  <testcase classname="samplemavenproject.mavenjava.SeleniumTest" name="browserautomation" time="0.004"/>
  <system-out/>
  <testcase classname="samplemavenproject.mavenjava.SeleniumTest" name="elementUI" time="0.000"/>
  <system-out/>
</testsuite> <!-- samplemavenproject.mavenjava.SeleniumTest -->
