<?xml version="1.0" encoding="UTF-8"?>
<!-- Generated by org.testng.reporters.JUnitReportReporter -->
<testsuite hostname="AbhiSelva" failures="0" tests="3" name="test.HomeLoan" time="0.002" errors="0" timestamp="2022-03-29T10:35:50 IST" skipped="0">
  <testcase classname="test.HomeLoan" name="mobilehomeloan" time="0.001"/>
  <system-out/>
  <testcase classname="test.HomeLoan" name="webhomeloan" time="0.000"/>
  <system-out/>
  <testcase classname="test.HomeLoan" name="apihomeloan" time="0.001"/>
  <system-out/>
</testsuite> <!-- test.HomeLoan -->
