<?xml version="1.0" encoding="UTF-8"?>
<!-- Generated by org.testng.reporters.JUnitReportReporter -->
<testsuite hostname="AbhiSelva" failures="0" tests="2" name="test.Demo1" time="0.002" errors="0" timestamp="2022-03-29T10:35:50 IST" skipped="0">
  <testcase classname="test.Demo1" name="demo1" time="0.001"/>
  <system-out/>
  <testcase classname="test.Demo1" name="demo" time="0.001"/>
  <system-out/>
</testsuite> <!-- test.Demo1 -->
