<?xml version="1.0" encoding="UTF-8"?>
<!-- Generated by org.testng.reporters.JUnitReportReporter -->
<testsuite hostname="AbhiSelva" failures="0" tests="1" name="pageobjects.testcases" time="4.815" errors="0" timestamp="2022-04-04T09:02:54 IST" skipped="0">
  <testcase classname="pageobjects.testcases" name="logintestcase" time="4.815"/>
  <system-out/>
</testsuite> <!-- pageobjects.testcases -->
